<?xml version="1.0" encoding="UTF-8"?>
<coverage generated="1727711265356" clover="3.2.0">
  <project timestamp="1727711265357" name="All files">
    <metrics statements="14" coveredstatements="12" conditionals="2" coveredconditionals="0" methods="6" coveredmethods="5" elements="22" coveredelements="17" complexity="0" loc="14" ncloc="14" packages="2" files="4" classes="4"/>
    <package name="article.hooks">
      <metrics statements="4" coveredstatements="4" conditionals="0" coveredconditionals="0" methods="1" coveredmethods="1"/>
      <file name="usePopularArticles.ts" path="/Users/vivektak/Desktop/DM/ny-times/src/modules/article/hooks/usePopularArticles.ts">
        <metrics statements="4" coveredstatements="4" conditionals="0" coveredconditionals="0" methods="1" coveredmethods="1"/>
        <line num="5" count="4" type="stmt"/>
        <line num="6" count="4" type="stmt"/>
        <line num="8" count="4" type="stmt"/>
        <line num="13" count="4" type="stmt"/>
      </file>
    </package>
    <package name="common.views">
      <metrics statements="10" coveredstatements="8" conditionals="2" coveredconditionals="0" methods="5" coveredmethods="4"/>
      <file name="ErrorPage.tsx" path="/Users/vivektak/Desktop/DM/ny-times/src/modules/common/views/ErrorPage.tsx">
        <metrics statements="3" coveredstatements="1" conditionals="2" coveredconditionals="0" methods="1" coveredmethods="0"/>
        <line num="10" count="3" type="stmt"/>
        <line num="11" count="0" type="stmt"/>
        <line num="13" count="0" type="stmt"/>
      </file>
      <file name="Header.tsx" path="/Users/vivektak/Desktop/DM/ny-times/src/modules/common/views/Header.tsx">
        <metrics statements="4" coveredstatements="4" conditionals="0" coveredconditionals="0" methods="2" coveredmethods="2"/>
        <line num="5" count="4" type="stmt"/>
        <line num="6" count="5" type="stmt"/>
        <line num="8" count="5" type="stmt"/>
        <line num="15" count="1" type="stmt"/>
      </file>
      <file name="Loader.tsx" path="/Users/vivektak/Desktop/DM/ny-times/src/modules/common/views/Loader.tsx">
        <metrics statements="3" coveredstatements="3" conditionals="0" coveredconditionals="0" methods="2" coveredmethods="2"/>
        <line num="4" count="3" type="stmt"/>
        <line num="5" count="2" type="stmt"/>
        <line num="7" count="4" type="stmt"/>
      </file>
    </package>
  </project>
</coverage>
