{"/Users/vivektak/Desktop/DM/ny-times/src/modules/article/views/DetailsPage.tsx": {"path":"/Users/vivektak/Desktop/DM/ny-times/src/modules/article/views/DetailsPage.tsx","statementMap":{"0":{"start":{"line":31,"column":30},"end":{"line":101,"column":1}},"1":{"start":{"line":32,"column":17},"end":{"line":32,"column":28}},"2":{"start":{"line":36,"column":32},"end":{"line":36,"column":51}},"3":{"start":{"line":38,"column":26},"end":{"line":38,"column":46}},"4":{"start":{"line":40,"column":2},"end":{"line":48,"column":17}},"5":{"start":{"line":41,"column":4},"end":{"line":47,"column":5}},"6":{"start":{"line":42,"column":26},"end":{"line":44,"column":10}},"7":{"start":{"line":43,"column":37},"end":{"line":43,"column":64}},"8":{"start":{"line":46,"column":6},"end":{"line":46,"column":30}},"9":{"start":{"line":50,"column":2},"end":{"line":50,"column":34}},"10":{"start":{"line":50,"column":13},"end":{"line":50,"column":34}},"11":{"start":{"line":51,"column":2},"end":{"line":51,"column":31}},"12":{"start":{"line":51,"column":13},"end":{"line":51,"column":31}},"13":{"start":{"line":53,"column":2},"end":{"line":100,"column":4}},"14":{"start":{"line":86,"column":16},"end":{"line":93,"column":18}}},"fnMap":{"0":{"name":"(anonymous_0)","decl":{"start":{"line":31,"column":30},"end":{"line":31,"column":31}},"loc":{"start":{"line":31,"column":36},"end":{"line":101,"column":1}},"line":31},"1":{"name":"(anonymous_1)","decl":{"start":{"line":40,"column":12},"end":{"line":40,"column":13}},"loc":{"start":{"line":40,"column":18},"end":{"line":48,"column":3}},"line":40},"2":{"name":"(anonymous_2)","decl":{"start":{"line":43,"column":8},"end":{"line":43,"column":9}},"loc":{"start":{"line":43,"column":37},"end":{"line":43,"column":64}},"line":43},"3":{"name":"(anonymous_3)","decl":{"start":{"line":85,"column":39},"end":{"line":85,"column":40}},"loc":{"start":{"line":85,"column":57},"end":{"line":94,"column":15}},"line":85}},"branchMap":{"0":{"loc":{"start":{"line":41,"column":4},"end":{"line":47,"column":5}},"type":"if","locations":[{"start":{"line":41,"column":4},"end":{"line":47,"column":5}},{"start":{},"end":{}}],"line":41},"1":{"loc":{"start":{"line":41,"column":8},"end":{"line":41,"column":27}},"type":"binary-expr","locations":[{"start":{"line":41,"column":8},"end":{"line":41,"column":10}},{"start":{"line":41,"column":14},"end":{"line":41,"column":27}}],"line":41},"2":{"loc":{"start":{"line":50,"column":2},"end":{"line":50,"column":34}},"type":"if","locations":[{"start":{"line":50,"column":2},"end":{"line":50,"column":34}},{"start":{},"end":{}}],"line":50},"3":{"loc":{"start":{"line":51,"column":2},"end":{"line":51,"column":31}},"type":"if","locations":[{"start":{"line":51,"column":2},"end":{"line":51,"column":31}},{"start":{},"end":{}}],"line":51}},"s":{"0":2,"1":3,"2":3,"3":3,"4":3,"5":2,"6":1,"7":1,"8":1,"9":3,"10":0,"11":3,"12":1,"13":2,"14":2},"f":{"0":3,"1":2,"2":1,"3":2},"b":{"0":[1,1],"1":[2,2],"2":[0,3],"3":[1,2]},"_coverageSchema":"1a1c01bbd47fc00a2c39e90264f33305004495a9","hash":"f3a2f1e39bfa7db7fec01a61d7b6074d07ddf2d5"}
,"/Users/vivektak/Desktop/DM/ny-times/src/modules/common/views/Header.tsx": {"path":"/Users/vivektak/Desktop/DM/ny-times/src/modules/common/views/Header.tsx","statementMap":{"0":{"start":{"line":4,"column":25},"end":{"line":14,"column":1}},"1":{"start":{"line":5,"column":2},"end":{"line":13,"column":4}}},"fnMap":{"0":{"name":"(anonymous_0)","decl":{"start":{"line":4,"column":25},"end":{"line":4,"column":26}},"loc":{"start":{"line":4,"column":31},"end":{"line":14,"column":1}},"line":4}},"branchMap":{},"s":{"0":5,"1":6},"f":{"0":6},"b":{},"_coverageSchema":"1a1c01bbd47fc00a2c39e90264f33305004495a9","hash":"546fb6a590c33698460f273fc6e8e93a67e4b72c"}
}
