{"/Users/vivektak/Desktop/DM/ny-times/src/modules/article/hooks/usePopularArticles.ts": {"path":"/Users/vivektak/Desktop/DM/ny-times/src/modules/article/hooks/usePopularArticles.ts","statementMap":{"0":{"start":{"line":5,"column":17},"end":{"line":5,"column":46}},"1":{"start":{"line":6,"column":20},"end":{"line":6,"column":47}},"2":{"start":{"line":8,"column":26},"end":{"line":11,"column":3}},"3":{"start":{"line":13,"column":2},"end":{"line":13,"column":25}}},"fnMap":{"0":{"name":"usePopularArticles","decl":{"start":{"line":4,"column":9},"end":{"line":4,"column":27}},"loc":{"start":{"line":4,"column":30},"end":{"line":14,"column":1}},"line":4}},"branchMap":{},"s":{"0":4,"1":4,"2":4,"3":4},"f":{"0":4},"b":{},"_coverageSchema":"1a1c01bbd47fc00a2c39e90264f33305004495a9","hash":"b4b5cfc8ddc65c9f81e252ddcee263cd397ddb61"}
,"/Users/vivektak/Desktop/DM/ny-times/src/modules/common/views/ErrorPage.tsx": {"path":"/Users/vivektak/Desktop/DM/ny-times/src/modules/common/views/ErrorPage.tsx","statementMap":{"0":{"start":{"line":10,"column":28},"end":{"line":32,"column":1}},"1":{"start":{"line":11,"column":35},"end":{"line":11,"column":50}},"2":{"start":{"line":13,"column":2},"end":{"line":31,"column":4}}},"fnMap":{"0":{"name":"(anonymous_0)","decl":{"start":{"line":10,"column":28},"end":{"line":10,"column":29}},"loc":{"start":{"line":10,"column":34},"end":{"line":32,"column":1}},"line":10}},"branchMap":{"0":{"loc":{"start":{"line":28,"column":9},"end":{"line":28,"column":44}},"type":"binary-expr","locations":[{"start":{"line":28,"column":9},"end":{"line":28,"column":26}},{"start":{"line":28,"column":30},"end":{"line":28,"column":44}}],"line":28}},"s":{"0":3,"1":0,"2":0},"f":{"0":0},"b":{"0":[0,0]},"_coverageSchema":"1a1c01bbd47fc00a2c39e90264f33305004495a9","hash":"f43b937ddd1fe8e5984483c75238db0e9339efcb"}
,"/Users/vivektak/Desktop/DM/ny-times/src/modules/common/views/Header.tsx": {"path":"/Users/vivektak/Desktop/DM/ny-times/src/modules/common/views/Header.tsx","statementMap":{"0":{"start":{"line":5,"column":25},"end":{"line":22,"column":1}},"1":{"start":{"line":6,"column":19},"end":{"line":6,"column":32}},"2":{"start":{"line":8,"column":2},"end":{"line":21,"column":4}},"3":{"start":{"line":15,"column":25},"end":{"line":15,"column":38}}},"fnMap":{"0":{"name":"(anonymous_0)","decl":{"start":{"line":5,"column":25},"end":{"line":5,"column":26}},"loc":{"start":{"line":5,"column":31},"end":{"line":22,"column":1}},"line":5},"1":{"name":"(anonymous_1)","decl":{"start":{"line":15,"column":19},"end":{"line":15,"column":20}},"loc":{"start":{"line":15,"column":25},"end":{"line":15,"column":38}},"line":15}},"branchMap":{},"s":{"0":4,"1":5,"2":5,"3":1},"f":{"0":5,"1":1},"b":{},"_coverageSchema":"1a1c01bbd47fc00a2c39e90264f33305004495a9","hash":"359e2bf266a418e7d2cb163900c106b4c83b91d5"}
,"/Users/vivektak/Desktop/DM/ny-times/src/modules/common/views/Loader.tsx": {"path":"/Users/vivektak/Desktop/DM/ny-times/src/modules/common/views/Loader.tsx","statementMap":{"0":{"start":{"line":4,"column":25},"end":{"line":19,"column":1}},"1":{"start":{"line":5,"column":2},"end":{"line":18,"column":4}},"2":{"start":{"line":7,"column":46},"end":{"line":7,"column":69}}},"fnMap":{"0":{"name":"(anonymous_0)","decl":{"start":{"line":4,"column":25},"end":{"line":4,"column":26}},"loc":{"start":{"line":4,"column":31},"end":{"line":19,"column":1}},"line":4},"1":{"name":"(anonymous_1)","decl":{"start":{"line":7,"column":35},"end":{"line":7,"column":36}},"loc":{"start":{"line":7,"column":46},"end":{"line":7,"column":69}},"line":7}},"branchMap":{},"s":{"0":3,"1":2,"2":4},"f":{"0":2,"1":4},"b":{},"_coverageSchema":"1a1c01bbd47fc00a2c39e90264f33305004495a9","hash":"006f3116f99c2c6c4da315e0a8b89637bf687554"}
}
