TN:
SF:src/modules/article/hooks/usePopularArticles.ts
FN:4,usePopularArticles
FNF:1
FNH:1
FNDA:4,usePopularArticles
DA:5,4
DA:6,4
DA:8,4
DA:13,4
LF:4
LH:4
BRF:0
BRH:0
end_of_record
TN:
SF:src/modules/common/views/ErrorPage.tsx
FN:10,(anonymous_0)
FNF:1
FNH:0
FNDA:0,(anonymous_0)
DA:10,3
DA:11,0
DA:13,0
LF:3
LH:1
BRDA:28,0,0,0
BRDA:28,0,1,0
BRF:2
BRH:0
end_of_record
TN:
SF:src/modules/common/views/Header.tsx
FN:5,(anonymous_0)
FN:15,(anonymous_1)
FNF:2
FNH:2
FNDA:5,(anonymous_0)
FNDA:1,(anonymous_1)
DA:5,4
DA:6,5
DA:8,5
DA:15,1
LF:4
LH:4
BRF:0
BRH:0
end_of_record
TN:
SF:src/modules/common/views/Loader.tsx
FN:4,(anonymous_0)
FN:7,(anonymous_1)
FNF:2
FNH:2
FNDA:2,(anonymous_0)
FNDA:4,(anonymous_1)
DA:4,3
DA:5,2
DA:7,4
LF:3
LH:3
BRF:0
BRH:0
end_of_record
