TN:
SF:src/modules/article/views/DetailsPage.tsx
FN:31,(anonymous_0)
FN:40,(anonymous_1)
FN:43,(anonymous_2)
FN:85,(anonymous_3)
FNF:4
FNH:4
FNDA:3,(anonymous_0)
FNDA:2,(anonymous_1)
FNDA:1,(anonymous_2)
FNDA:2,(anonymous_3)
DA:31,2
DA:32,3
DA:36,3
DA:38,3
DA:40,3
DA:41,2
DA:42,1
DA:43,1
DA:46,1
DA:50,3
DA:51,3
DA:53,2
DA:86,2
LF:13
LH:13
BRDA:41,0,0,1
BRDA:41,0,1,1
BRDA:41,1,0,2
BRDA:41,1,1,2
BRDA:50,2,0,0
BRDA:50,2,1,3
BRDA:51,3,0,1
BRDA:51,3,1,2
BRF:8
BRH:7
end_of_record
TN:
SF:src/modules/common/views/Header.tsx
FN:4,(anonymous_0)
FNF:1
FNH:1
FNDA:6,(anonymous_0)
DA:4,5
DA:5,6
LF:2
LH:2
BRF:0
BRH:0
end_of_record
